# JRE version: Java(TM) SE Runtime Environment (8.0_144-b01) (build 1.8.0_144-b01)
# Java VM: Java HotSpot(TM) Client VM (25.144-b01 mixed mode windows-x86 )
Heap:
 def new generation   total 39296K, used 9082K [0x04e00000, 0x078a0000, 0x0f8a0000)
  eden space 34944K,  21% used [0x04e00000, 0x05578498, 0x07020000)
  from space 4352K,  32% used [0x07460000, 0x075c65c8, 0x078a0000)
  to   space 4352K,   0% used [0x07020000, 0x07020000, 0x07460000)
 tenured generation   total 87424K, used 28972K [0x0f8a0000, 0x14e00000, 0x24e00000)
   the space 87424K,  33% used [0x0f8a0000, 0x114eb398, 0x114eb400, 0x14e00000)
 Metaspace       used 11942K, capacity 12283K, committed 12288K, reserved 12672K
GC Heap History (10 events):
Event: 9.225 GC heap after
Heap after GC invocations=11 (full 0):
 def new generation   total 39296K, used 1381K [0x04e00000, 0x078a0000, 0x0f8a0000)
  eden space 34944K,   0% used [0x04e00000, 0x04e00000, 0x07020000)
  from space 4352K,  31% used [0x07460000, 0x075b9718, 0x078a0000)
  to   space 4352K,   0% used [0x07020000, 0x07020000, 0x07460000)
 tenured generation   total 87424K, used 28972K [0x0f8a0000, 0x14e00000, 0x24e00000)
   the space 87424K,  33% used [0x0f8a0000, 0x114eb398, 0x114eb400, 0x14e00000)
 Metaspace       used 11934K, capacity 12283K, committed 12288K, reserved 12672K
}
Event: 10.120 GC heap before
{Heap before GC invocations=11 (full 0):
 def new generation   total 39296K, used 36325K [0x04e00000, 0x078a0000, 0x0f8a0000)
  eden space 34944K, 100% used [0x04e00000, 0x07020000, 0x07020000)
  from space 4352K,  31% used [0x07460000, 0x075b9718, 0x078a0000)
  to   space 4352K,   0% used [0x07020000, 0x07020000, 0x07460000)
 tenured generation   total 87424K, used 28972K [0x0f8a0000, 0x14e00000, 0x24e00000)
   the space 87424K,  33% used [0x0f8a0000, 0x114eb398, 0x114eb400, 0x14e00000)
 Metaspace       used 11934K, capacity 12283K, committed 12288K, reserved 12672K
Event: 10.124 GC heap after
Heap after GC invocations=12 (full 0):
 def new generation   total 39296K, used 1381K [0x04e00000, 0x078a0000, 0x0f8a0000)
  eden space 34944K,   0% used [0x04e00000, 0x04e00000, 0x07020000)
  from space 4352K,  31% used [0x07020000, 0x071795a0, 0x07460000)
  to   space 4352K,   0% used [0x07460000, 0x07460000, 0x078a0000)
 tenured generation   total 87424K, used 28972K [0x0f8a0000, 0x14e00000, 0x24e00000)
   the space 87424K,  33% used [0x0f8a0000, 0x114eb398, 0x114eb400, 0x14e00000)
 Metaspace       used 11934K, capacity 12283K, committed 12288K, reserved 12672K
}
Event: 10.969 GC heap before
{Heap before GC invocations=12 (full 0):
 def new generation   total 39296K, used 36325K [0x04e00000, 0x078a0000, 0x0f8a0000)
  eden space 34944K, 100% used [0x04e00000, 0x07020000, 0x07020000)
  from space 4352K,  31% used [0x07020000, 0x071795a0, 0x07460000)
  to   space 4352K,   0% used [0x07460000, 0x07460000, 0x078a0000)
 tenured generation   total 87424K, used 28972K [0x0f8a0000, 0x14e00000, 0x24e00000)
   the space 87424K,  33% used [0x0f8a0000, 0x114eb398, 0x114eb400, 0x14e00000)
 Metaspace       used 11934K, capacity 12283K, committed 12288K, reserved 12672K
Event: 10.973 GC heap after
Heap after GC invocations=13 (full 0):
 def new generation   total 39296K, used 1419K [0x04e00000, 0x078a0000, 0x0f8a0000)
  eden space 34944K,   0% used [0x04e00000, 0x04e00000, 0x07020000)
  from space 4352K,  32% used [0x07460000, 0x075c2cc0, 0x078a0000)
  to   space 4352K,   0% used [0x07020000, 0x07020000, 0x07460000)
 tenured generation   total 87424K, used 28972K [0x0f8a0000, 0x14e00000, 0x24e00000)
   the space 87424K,  33% used [0x0f8a0000, 0x114eb398, 0x114eb400, 0x14e00000)
 Metaspace       used 11934K, capacity 12283K, committed 12288K, reserved 12672K
}
Event: 11.821 GC heap before
{Heap before GC invocations=13 (full 0):
 def new generation   total 39296K, used 36363K [0x04e00000, 0x078a0000, 0x0f8a0000)
  eden space 34944K, 100% used [0x04e00000, 0x07020000, 0x07020000)
  from space 4352K,  32% used [0x07460000, 0x075c2cc0, 0x078a0000)
  to   space 4352K,   0% used [0x07020000, 0x07020000, 0x07460000)
 tenured generation   total 87424K, used 28972K [0x0f8a0000, 0x14e00000, 0x24e00000)
   the space 87424K,  33% used [0x0f8a0000, 0x114eb398, 0x114eb400, 0x14e00000)
 Metaspace       used 11934K, capacity 12283K, committed 12288K, reserved 12672K
Event: 11.825 GC heap after
Heap after GC invocations=14 (full 0):
 def new generation   total 39296K, used 1408K [0x04e00000, 0x078a0000, 0x0f8a0000)
  eden space 34944K,   0% used [0x04e00000, 0x04e00000, 0x07020000)
  from space 4352K,  32% used [0x07020000, 0x07180370, 0x07460000)
  to   space 4352K,   0% used [0x07460000, 0x07460000, 0x078a0000)
 tenured generation   total 87424K, used 28972K [0x0f8a0000, 0x14e00000, 0x24e00000)
   the space 87424K,  33% used [0x0f8a0000, 0x114eb398, 0x114eb400, 0x14e00000)
 Metaspace       used 11934K, capacity 12283K, committed 12288K, reserved 12672K
}
Event: 12.669 GC heap before
{Heap before GC invocations=14 (full 0):
 def new generation   total 39296K, used 36352K [0x04e00000, 0x078a0000, 0x0f8a0000)
  eden space 34944K, 100% used [0x04e00000, 0x07020000, 0x07020000)
  from space 4352K,  32% used [0x07020000, 0x07180370, 0x07460000)
  to   space 4352K,   0% used [0x07460000, 0x07460000, 0x078a0000)
 tenured generation   total 87424K, used 28972K [0x0f8a0000, 0x14e00000, 0x24e00000)
   the space 87424K,  33% used [0x0f8a0000, 0x114eb398, 0x114eb400, 0x14e00000)
 Metaspace       used 11934K, capacity 12283K, committed 12288K, reserved 12672K
Event: 12.673 GC heap after
Heap after GC invocations=15 (full 0):
 def new generation   total 39296K, used 1433K [0x04e00000, 0x078a0000, 0x0f8a0000)
  eden space 34944K,   0% used [0x04e00000, 0x04e00000, 0x07020000)
  from space 4352K,  32% used [0x07460000, 0x075c65c8, 0x078a0000)
  to   space 4352K,   0% used [0x07020000, 0x07020000, 0x07460000)
 tenured generation   total 87424K, used 28972K [0x0f8a0000, 0x14e00000, 0x24e00000)
   the space 87424K,  33% used [0x0f8a0000, 0x114eb398, 0x114eb400, 0x14e00000)
 Metaspace       used 11934K, capacity 12283K, committed 12288K, reserved 12672K
}
Event: 12.777 GC heap before
{Heap before GC invocations=15 (full 0):
 def new generation   total 39296K, used 9082K [0x04e00000, 0x078a0000, 0x0f8a0000)
  eden space 34944K,  21% used [0x04e00000, 0x05578498, 0x07020000)
  from space 4352K,  32% used [0x07460000, 0x075c65c8, 0x078a0000)
  to   space 4352K,   0% used [0x07020000, 0x07020000, 0x07460000)
 tenured generation   total 87424K, used 28972K [0x0f8a0000, 0x14e00000, 0x24e00000)
   the space 87424K,  33% used [0x0f8a0000, 0x114eb398, 0x114eb400, 0x14e00000)
 Metaspace       used 11942K, capacity 12283K, committed 12288K, reserved 12672K

