# JRE version: Java(TM) SE Runtime Environment (8.0_144-b01) (build 1.8.0_144-b01)
# Java VM: Java HotSpot(TM) Client VM (25.144-b01 mixed mode windows-x86 )
Heap:
 def new generation   total 157248K, used 110388K [0x06200000, 0x10ca0000, 0x10ca0000)
  eden space 139776K,  77% used [0x06200000, 0x0cbe2230, 0x0ea80000)
  from space 17472K,  11% used [0x0ea80000, 0x0ec6afa8, 0x0fb90000)
  to   space 17472K,   0% used [0x0fb90000, 0x0fb90000, 0x10ca0000)
 tenured generation   total 349568K, used 313346K [0x10ca0000, 0x26200000, 0x26200000)
   the space 349568K,  89% used [0x10ca0000, 0x23ea0980, 0x23ea0a00, 0x26200000)
 Metaspace       used 22633K, capacity 23958K, committed 24576K, reserved 24960K
GC Heap History (10 events):
Event: 37313.953 GC heap before
{Heap before GC invocations=867 (full 8):
 def new generation   total 157248K, used 140577K [0x06200000, 0x10ca0000, 0x10ca0000)
  eden space 139776K, 100% used [0x06200000, 0x0ea80000, 0x0ea80000)
  from space 17472K,   4% used [0x0fb90000, 0x0fc58550, 0x10ca0000)
  to   space 17472K,   0% used [0x0ea80000, 0x0ea80000, 0x0fb90000)
 tenured generation   total 349568K, used 313346K [0x10ca0000, 0x26200000, 0x26200000)
   the space 349568K,  89% used [0x10ca0000, 0x23ea0980, 0x23ea0a00, 0x26200000)
 Metaspace       used 22633K, capacity 23958K, committed 24576K, reserved 24960K
Event: 37313.958 GC heap after
Heap after GC invocations=868 (full 8):
 def new generation   total 157248K, used 2412K [0x06200000, 0x10ca0000, 0x10ca0000)
  eden space 139776K,   0% used [0x06200000, 0x06200000, 0x0ea80000)
  from space 17472K,  13% used [0x0ea80000, 0x0ecdb220, 0x0fb90000)
  to   space 17472K,   0% used [0x0fb90000, 0x0fb90000, 0x10ca0000)
 tenured generation   total 349568K, used 313346K [0x10ca0000, 0x26200000, 0x26200000)
   the space 349568K,  89% used [0x10ca0000, 0x23ea0980, 0x23ea0a00, 0x26200000)
 Metaspace       used 22633K, capacity 23958K, committed 24576K, reserved 24960K
}
Event: 37317.734 GC heap before
{Heap before GC invocations=868 (full 8):
 def new generation   total 157248K, used 142188K [0x06200000, 0x10ca0000, 0x10ca0000)
  eden space 139776K, 100% used [0x06200000, 0x0ea80000, 0x0ea80000)
  from space 17472K,  13% used [0x0ea80000, 0x0ecdb220, 0x0fb90000)
  to   space 17472K,   0% used [0x0fb90000, 0x0fb90000, 0x10ca0000)
 tenured generation   total 349568K, used 313346K [0x10ca0000, 0x26200000, 0x26200000)
   the space 349568K,  89% used [0x10ca0000, 0x23ea0980, 0x23ea0a00, 0x26200000)
 Metaspace       used 22633K, capacity 23958K, committed 24576K, reserved 24960K
Event: 37317.738 GC heap after
Heap after GC invocations=869 (full 8):
 def new generation   total 157248K, used 2420K [0x06200000, 0x10ca0000, 0x10ca0000)
  eden space 139776K,   0% used [0x06200000, 0x06200000, 0x0ea80000)
  from space 17472K,  13% used [0x0fb90000, 0x0fded148, 0x10ca0000)
  to   space 17472K,   0% used [0x0ea80000, 0x0ea80000, 0x0fb90000)
 tenured generation   total 349568K, used 313346K [0x10ca0000, 0x26200000, 0x26200000)
   the space 349568K,  89% used [0x10ca0000, 0x23ea0980, 0x23ea0a00, 0x26200000)
 Metaspace       used 22633K, capacity 23958K, committed 24576K, reserved 24960K
}
Event: 37322.292 GC heap before
{Heap before GC invocations=869 (full 8):
 def new generation   total 157248K, used 142196K [0x06200000, 0x10ca0000, 0x10ca0000)
  eden space 139776K, 100% used [0x06200000, 0x0ea80000, 0x0ea80000)
  from space 17472K,  13% used [0x0fb90000, 0x0fded148, 0x10ca0000)
  to   space 17472K,   0% used [0x0ea80000, 0x0ea80000, 0x0fb90000)
 tenured generation   total 349568K, used 313346K [0x10ca0000, 0x26200000, 0x26200000)
   the space 349568K,  89% used [0x10ca0000, 0x23ea0980, 0x23ea0a00, 0x26200000)
 Metaspace       used 22633K, capacity 23958K, committed 24576K, reserved 24960K
Event: 37322.296 GC heap after
Heap after GC invocations=870 (full 8):
 def new generation   total 157248K, used 2540K [0x06200000, 0x10ca0000, 0x10ca0000)
  eden space 139776K,   0% used [0x06200000, 0x06200000, 0x0ea80000)
  from space 17472K,  14% used [0x0ea80000, 0x0ecfb020, 0x0fb90000)
  to   space 17472K,   0% used [0x0fb90000, 0x0fb90000, 0x10ca0000)
 tenured generation   total 349568K, used 313346K [0x10ca0000, 0x26200000, 0x26200000)
   the space 349568K,  89% used [0x10ca0000, 0x23ea0980, 0x23ea0a00, 0x26200000)
 Metaspace       used 22633K, capacity 23958K, committed 24576K, reserved 24960K
}
Event: 37322.943 GC heap before
{Heap before GC invocations=870 (full 8):
 def new generation   total 157248K, used 142316K [0x06200000, 0x10ca0000, 0x10ca0000)
  eden space 139776K, 100% used [0x06200000, 0x0ea80000, 0x0ea80000)
  from space 17472K,  14% used [0x0ea80000, 0x0ecfb020, 0x0fb90000)
  to   space 17472K,   0% used [0x0fb90000, 0x0fb90000, 0x10ca0000)
 tenured generation   total 349568K, used 313346K [0x10ca0000, 0x26200000, 0x26200000)
   the space 349568K,  89% used [0x10ca0000, 0x23ea0980, 0x23ea0a00, 0x26200000)
 Metaspace       used 22633K, capacity 23958K, committed 24576K, reserved 24960K
Event: 37322.947 GC heap after
Heap after GC invocations=871 (full 8):
 def new generation   total 157248K, used 2436K [0x06200000, 0x10ca0000, 0x10ca0000)
  eden space 139776K,   0% used [0x06200000, 0x06200000, 0x0ea80000)
  from space 17472K,  13% used [0x0fb90000, 0x0fdf1140, 0x10ca0000)
  to   space 17472K,   0% used [0x0ea80000, 0x0ea80000, 0x0fb90000)
 tenured generation   total 349568K, used 313346K [0x10ca0000, 0x26200000, 0x26200000)
   the space 349568K,  89% used [0x10ca0000, 0x23ea0980, 0x23ea0a00, 0x26200000)
 Metaspace       used 22633K, capacity 23958K, committed 24576K, reserved 24960K
}
Event: 37904.616 GC heap before
{Heap before GC invocations=871 (full 8):
 def new generation   total 157248K, used 142212K [0x06200000, 0x10ca0000, 0x10ca0000)
  eden space 139776K, 100% used [0x06200000, 0x0ea80000, 0x0ea80000)
  from space 17472K,  13% used [0x0fb90000, 0x0fdf1140, 0x10ca0000)
  to   space 17472K,   0% used [0x0ea80000, 0x0ea80000, 0x0fb90000)
 tenured generation   total 349568K, used 313346K [0x10ca0000, 0x26200000, 0x26200000)
   the space 349568K,  89% used [0x10ca0000, 0x23ea0980, 0x23ea0a00, 0x26200000)
 Metaspace       used 22633K, capacity 23958K, committed 24576K, reserved 24960K
Event: 37904.621 GC heap after
Heap after GC invocations=872 (full 8):
 def new generation   total 157248K, used 1963K [0x06200000, 0x10ca0000, 0x10ca0000)
  eden space 139776K,   0% used [0x06200000, 0x06200000, 0x0ea80000)
  from space 17472K,  11% used [0x0ea80000, 0x0ec6afa8, 0x0fb90000)
  to   space 17472K,   0% used [0x0fb90000, 0x0fb90000, 0x10ca0000)
 tenured generation   total 349568K, used 313346K [0x10ca0000, 0x26200000, 0x26200000)
   the space 349568K,  89% used [0x10ca0000, 0x23ea0980, 0x23ea0a00, 0x26200000)
 Metaspace       used 22633K, capacity 23958K, committed 24576K, reserved 24960K
}

